<?xml version="1.0" encoding="UTF-8"?>
<testsuite xmlns:xsi="http://www.w3.org/2001/XMLSchema-instance" xsi:noNamespaceSchemaLocation="https://maven.apache.org/surefire/maven-surefire-plugin/xsd/surefire-test-report.xsd" version="3.0.2" name="TestSuite" time="19.979" tests="3" errors="0" skipped="0" failures="0">
  <properties>
[...]
</properties>
  <testcase name="runScenario[&quot;Check login is successfull with valid credentials&quot;, &quot;Login Page of App&quot;](1)" classname="testRunner.CucumberRun" time="4.436">
    <system-out><![CDATA[
Scenario Outline: Check login is successfull with valid credentials &amp#27;[90m# src/test/resources/Features/Login.feature:12&amp#27;[0m
  &amp#27;[32mGiven &amp#27;[0m&amp#27;[32muser is on login page&amp#27;[0m                                       &amp#27;[90m# StepDefinitions.PageFactoryloginStepDefinition.user_is_on_login_page()&amp#27;[0m
  &amp#27;[32mWhen &amp#27;[0m&amp#27;[32muser enters valid &amp#27;[0m&amp#27;[32m&amp#27;[1m"standard_user"&amp#27;[0m&amp#27;[32m and &amp#27;[0m&amp#27;[32m&amp#27;[1m"secret_sauce"&amp#27;[0m         &amp#27;[90m# StepDefinitions.PageFactoryloginStepDefinition.user_enters_valid_and(java.lang.String,java.lang.String)&amp#27;[0m
  &amp#27;[32mAnd &amp#27;[0m&amp#27;[32muser clicks login button&amp#27;[0m                                      &amp#27;[90m# StepDefinitions.PageFactoryloginStepDefinition.user_clicks_login_button()&amp#27;[0m
  &amp#27;[32mThen &amp#27;[0m&amp#27;[32muser navigated to homepage&amp#27;[0m                                   &amp#27;[90m# StepDefinitions.PageFactoryloginStepDefinition.user_navigated_to_homepage()&amp#27;[0m
  &amp#27;[32mAnd &amp#27;[0m&amp#27;[32mClose the browser&amp#27;[0m                                             &amp#27;[90m# StepDefinitions.PageFactoryloginStepDefinition.close_the_browser()&amp#27;[0m
]]></system-out>
    <system-err><![CDATA[Nov 18, 2024 9:48:15 PM org.openqa.selenium.devtools.CdpVersionFinder findNearestMatch
WARNING: Unable to find an exact match for CDP version 130, returning the closest version; found: 129; Please update to a Selenium version that supports CDP version 130
]]></system-err>
  </testcase>
  <testcase name="runScenario[&quot;Check login is successfull with valid credentials&quot;, &quot;Login Page of App&quot;](2)" classname="testRunner.CucumberRun" time="2.49">
    <system-out><![CDATA[
Scenario Outline: Check login is successfull with valid credentials &amp#27;[90m# src/test/resources/Features/Login.feature:13&amp#27;[0m
  &amp#27;[32mGiven &amp#27;[0m&amp#27;[32muser is on login page&amp#27;[0m                                       &amp#27;[90m# StepDefinitions.PageFactoryloginStepDefinition.user_is_on_login_page()&amp#27;[0m
  &amp#27;[32mWhen &amp#27;[0m&amp#27;[32muser enters valid &amp#27;[0m&amp#27;[32m&amp#27;[1m"problem_user"&amp#27;[0m&amp#27;[32m and &amp#27;[0m&amp#27;[32m&amp#27;[1m"secret_sauce"&amp#27;[0m          &amp#27;[90m# StepDefinitions.PageFactoryloginStepDefinition.user_enters_valid_and(java.lang.String,java.lang.String)&amp#27;[0m
  &amp#27;[32mAnd &amp#27;[0m&amp#27;[32muser clicks login button&amp#27;[0m                                      &amp#27;[90m# StepDefinitions.PageFactoryloginStepDefinition.user_clicks_login_button()&amp#27;[0m
  &amp#27;[32mThen &amp#27;[0m&amp#27;[32muser navigated to homepage&amp#27;[0m                                   &amp#27;[90m# StepDefinitions.PageFactoryloginStepDefinition.user_navigated_to_homepage()&amp#27;[0m
  &amp#27;[32mAnd &amp#27;[0m&amp#27;[32mClose the browser&amp#27;[0m                                             &amp#27;[90m# StepDefinitions.PageFactoryloginStepDefinition.close_the_browser()&amp#27;[0m
]]></system-out>
    <system-err><![CDATA[Nov 18, 2024 9:48:19 PM org.openqa.selenium.devtools.CdpVersionFinder findNearestMatch
WARNING: Unable to find an exact match for CDP version 130, returning the closest version; found: 129; Please update to a Selenium version that supports CDP version 130
]]></system-err>
  </testcase>
  <testcase name="runScenario[&quot;Check login is successfull with valid credentials&quot;, &quot;Login Page of App&quot;](3)" classname="testRunner.CucumberRun" time="11.626">
    <system-out><![CDATA[
Scenario Outline: Check login is successfull with valid credentials   &amp#27;[90m# src/test/resources/Features/Login.feature:14&amp#27;[0m
  &amp#27;[32mGiven &amp#27;[0m&amp#27;[32muser is on login page&amp#27;[0m                                         &amp#27;[90m# StepDefinitions.PageFactoryloginStepDefinition.user_is_on_login_page()&amp#27;[0m
  &amp#27;[32mWhen &amp#27;[0m&amp#27;[32muser enters valid &amp#27;[0m&amp#27;[32m&amp#27;[1m"performance_glitch_user"&amp#27;[0m&amp#27;[32m and &amp#27;[0m&amp#27;[32m&amp#27;[1m"secret_sauce"&amp#27;[0m &amp#27;[90m# StepDefinitions.PageFactoryloginStepDefinition.user_enters_valid_and(java.lang.String,java.lang.String)&amp#27;[0m
  &amp#27;[32mAnd &amp#27;[0m&amp#27;[32muser clicks login button&amp#27;[0m                                        &amp#27;[90m# StepDefinitions.PageFactoryloginStepDefinition.user_clicks_login_button()&amp#27;[0m
  &amp#27;[32mThen &amp#27;[0m&amp#27;[32muser navigated to homepage&amp#27;[0m                                     &amp#27;[90m# StepDefinitions.PageFactoryloginStepDefinition.user_navigated_to_homepage()&amp#27;[0m
  &amp#27;[32mAnd &amp#27;[0m&amp#27;[32mClose the browser&amp#27;[0m                                               &amp#27;[90m# StepDefinitions.PageFactoryloginStepDefinition.close_the_browser()&amp#27;[0m
]]></system-out>
    <system-err><![CDATA[Nov 18, 2024 9:48:22 PM org.openqa.selenium.devtools.CdpVersionFinder findNearestMatch
WARNING: Unable to find an exact match for CDP version 130, returning the closest version; found: 129; Please update to a Selenium version that supports CDP version 130
]]></system-err>
  </testcase>
</testsuite>