<?xml version="1.0" encoding="UTF-8"?>
<testng-results ignored="0" total="3" passed="3" failed="0" skipped="0">
  <reporter-output>
  </reporter-output>
  <suite started-at="2024-11-18T21:44:15 IST" name="Default suite" finished-at="2024-11-18T21:44:37 IST" duration-ms="22609">
    <groups>
      <group name="cucumber">
        <method signature="AbstractTestNGCucumberTests.runScenario(io.cucumber.testng.PickleWrapper,io.cucumber.testng.FeatureWrapper)[pri:0, instance:testRunner.CucumberRun@55493582]" name="runScenario" class="io.cucumber.testng.AbstractTestNGCucumberTests"/>
      </group> <!-- cucumber -->
    </groups>
    <test started-at="2024-11-18T21:44:15 IST" name="Default test" finished-at="2024-11-18T21:44:37 IST" duration-ms="22609">
      <class name="testRunner.CucumberRun">
        <test-method is-config="true" signature="setUpClass(org.testng.ITestContext)[pri:0, instance:testRunner.CucumberRun@55493582]" started-at="2024-11-18T21:44:15 IST" name="setUpClass" finished-at="2024-11-18T21:44:15 IST" duration-ms="633" status="PASS">
          <params>
            <param index="0">
              <value>
                <![CDATA[org.testng.TestRunner@3c854752]]>
              </value>
            </param>
          </params>
          <reporter-output>
          </reporter-output>
        </test-method> <!-- setUpClass -->
        <test-method signature="runScenario(io.cucumber.testng.PickleWrapper,io.cucumber.testng.FeatureWrapper)[pri:0, instance:testRunner.CucumberRun@55493582]" started-at="2024-11-18T21:44:16 IST" name="runScenario" description="Runs Cucumber Scenarios" data-provider="scenarios" finished-at="2024-11-18T21:44:23 IST" duration-ms="7965" status="PASS">
          <params>
            <param index="0">
              <value>
                <![CDATA["Check login is successfull with valid credentials"]]>
              </value>
            </param>
            <param index="1">
              <value>
                <![CDATA["Login Page of App"]]>
              </value>
            </param>
          </params>
          <reporter-output>
          </reporter-output>
        </test-method> <!-- runScenario -->
        <test-method signature="runScenario(io.cucumber.testng.PickleWrapper,io.cucumber.testng.FeatureWrapper)[pri:0, instance:testRunner.CucumberRun@55493582]" started-at="2024-11-18T21:44:23 IST" name="runScenario" description="Runs Cucumber Scenarios" data-provider="scenarios" finished-at="2024-11-18T21:44:26 IST" duration-ms="2579" status="PASS">
          <params>
            <param index="0">
              <value>
                <![CDATA["Check login is successfull with valid credentials"]]>
              </value>
            </param>
            <param index="1">
              <value>
                <![CDATA["Login Page of App"]]>
              </value>
            </param>
          </params>
          <reporter-output>
          </reporter-output>
        </test-method> <!-- runScenario -->
        <test-method signature="runScenario(io.cucumber.testng.PickleWrapper,io.cucumber.testng.FeatureWrapper)[pri:0, instance:testRunner.CucumberRun@55493582]" started-at="2024-11-18T21:44:26 IST" name="runScenario" description="Runs Cucumber Scenarios" data-provider="scenarios" finished-at="2024-11-18T21:44:37 IST" duration-ms="11354" status="PASS">
          <params>
            <param index="0">
              <value>
                <![CDATA["Check login is successfull with valid credentials"]]>
              </value>
            </param>
            <param index="1">
              <value>
                <![CDATA["Login Page of App"]]>
              </value>
            </param>
          </params>
          <reporter-output>
          </reporter-output>
        </test-method> <!-- runScenario -->
        <test-method is-config="true" signature="tearDownClass()[pri:0, instance:testRunner.CucumberRun@55493582]" started-at="2024-11-18T21:44:37 IST" name="tearDownClass" finished-at="2024-11-18T21:44:37 IST" duration-ms="21" status="PASS">
          <reporter-output>
          </reporter-output>
        </test-method> <!-- tearDownClass -->
      </class> <!-- testRunner.CucumberRun -->
    </test> <!-- Default test -->
  </suite> <!-- Default suite -->
</testng-results>
